{
  "RSpec": {
    "coverage": {
      "/Users/michaelsteinacher/Projects/bookmarker-challenge/app.rb": {
        "lines": [
          1,
          1,
          null,
          1,
          null,
          1,
          1,
          null,
          null,
          1,
          1,
          null,
          null,
          1,
          3,
          3,
          null,
          null,
          1,
          null
        ]
      },
      "/Users/michaelsteinacher/Projects/bookmarker-challenge/lib/bookmark.rb": {
        "lines": [
          1,
          null,
          1,
          1,
          4,
          4,
          null,
          0,
          null,
          null,
          4,
          37,
          null,
          null
        ]
      },
      "/Users/michaelsteinacher/Projects/bookmarker-challenge/spec/features/test_spec.rb": {
        "lines": [
          1,
          null,
          1,
          1,
          1,
          1,
          null,
          null
        ]
      },
      "/Users/michaelsteinacher/Projects/bookmarker-challenge/spec/features/view_bookmarks_spec.rb": {
        "lines": [
          1,
          1,
          null,
          1,
          1,
          1,
          1,
          null,
          null,
          1,
          1,
          1,
          null,
          null,
          1,
          1,
          1,
          null,
          1,
          null,
          1,
          1,
          1,
          null,
          null
        ]
      },
      "/Users/michaelsteinacher/Projects/bookmarker-challenge/spec/unit/bookmark_spec.rb": {
        "lines": [
          1,
          null,
          1,
          1,
          1,
          null,
          null,
          1,
          1,
          1,
          null,
          1,
          null,
          1,
          1,
          1,
          null,
          null
        ]
      }
    },
    "timestamp": 1636037542
  }
}
